2025-01-12,17:55:56 [INFO] (app.py:app:316): Parsing config file /Users/induranasingh/anaconda3/lib/python3.11/site-packages/tabpy/tabpy_server/app/../common/default.conf
2025-01-12,17:55:56 [DEBUG] (app.py:app:277): Parameter port set to "9004" from default value
2025-01-12,17:55:56 [DEBUG] (app.py:app:277): Parameter server_version set to "2.13.0" from default value
2025-01-12,17:55:56 [DEBUG] (app.py:app:277): Parameter evaluate_enabled set to "True" from default value
2025-01-12,17:55:56 [DEBUG] (app.py:app:277): Parameter evaluate_timeout set to "30" from default value
2025-01-12,17:55:56 [DEBUG] (app.py:app:277): Parameter upload_dir set to "/Users/induranasingh/anaconda3/lib/python3.11/site-packages/tabpy/tmp/query_objects" from default value
2025-01-12,17:55:56 [DEBUG] (app.py:app:277): Parameter transfer_protocol set to "http" from default value
2025-01-12,17:55:56 [DEBUG] (app.py:app:284): Parameter certificate_file is not set
2025-01-12,17:55:56 [DEBUG] (app.py:app:284): Parameter key_file is not set
2025-01-12,17:55:56 [DEBUG] (app.py:app:277): Parameter minimum_tls_version set to "TLSv1_2" from default value
2025-01-12,17:55:56 [DEBUG] (app.py:app:277): Parameter state_file_path set to "/Users/induranasingh/anaconda3/lib/python3.11/site-packages/tabpy/tabpy_server" from default value
2025-01-12,17:55:56 [DEBUG] (app.py:app:277): Parameter static_path set to "/Users/induranasingh/anaconda3/lib/python3.11/site-packages/tabpy/tabpy_server/static" from default value
2025-01-12,17:55:56 [DEBUG] (app.py:app:284): Parameter TABPY_PWD_FILE is not set
2025-01-12,17:55:56 [DEBUG] (app.py:app:277): Parameter log_request_context set to "false" from default value
2025-01-12,17:55:56 [DEBUG] (app.py:app:277): Parameter max_request_size_in_mb set to "100" from default value
2025-01-12,17:55:56 [DEBUG] (app.py:app:277): Parameter gzip_enabled set to "True" from default value
2025-01-12,17:55:56 [DEBUG] (app.py:app:277): Parameter arrow_enabled set to "False" from default value
2025-01-12,17:55:56 [DEBUG] (app.py:app:277): Parameter arrowflight_port set to "13622" from default value
2025-01-12,17:55:56 [INFO] (app.py:app:381): Setting max request size to 104857600 bytes
2025-01-12,17:55:56 [DEBUG] (app.py:app:539): File /Users/induranasingh/anaconda3/lib/python3.11/site-packages/tabpy/tabpy_server/state.ini not found, creating from template /Users/induranasingh/anaconda3/lib/python3.11/site-packages/tabpy/tabpy_server/state.ini.template...
2025-01-12,17:55:56 [INFO] (app.py:app:545): Loading state from state file /Users/induranasingh/anaconda3/lib/python3.11/site-packages/tabpy/tabpy_server/state.ini
2025-01-12,17:55:56 [DEBUG] (app.py:app:397): Static pages folder set to "/Users/induranasingh/anaconda3/lib/python3.11/site-packages/tabpy/tabpy_server/static"
2025-01-12,17:56:46 [INFO] (app.py:app:510): Password file is not specified: Authentication is not enabled
2025-01-12,17:56:46 [INFO] (app.py:app:429): Call context logging is disabled
2025-01-12,17:56:46 [INFO] (app.py:app:197): Initializing TabPy...
2025-01-12,17:56:46 [DEBUG] (selector_events.py:selector_events:54): Using selector: KqueueSelector
2025-01-12,17:56:46 [INFO] (callbacks.py:callbacks:43): Initializing TabPy Server...
2025-01-12,17:56:46 [DEBUG] (state.py:state:628): Loading option 'None' from section [Query Objects Service Versions]...
2025-01-12,17:56:46 [DEBUG] (state.py:state:650): Returning value '[]'
2025-01-12,17:56:46 [DEBUG] (state.py:state:148): Collected endpoints: {}
2025-01-12,17:56:46 [INFO] (app.py:app:201): Done initializing TabPy.
2025-01-12,17:56:46 [INFO] (callbacks.py:callbacks:64): Initializing models...
2025-01-12,17:56:46 [DEBUG] (state.py:state:628): Loading option 'None' from section [Query Objects Service Versions]...
2025-01-12,17:56:46 [DEBUG] (state.py:state:650): Returning value '[]'
2025-01-12,17:56:46 [DEBUG] (state.py:state:148): Collected endpoints: {}
2025-01-12,17:56:46 [INFO] (app.py:app:167): Web service listening on port 9004
2025-01-12,17:56:52 [INFO] (web.py:web:2344): 200 GET / (::1) 4.87ms
2025-01-12,17:56:52 [DEBUG] (base_handler.py:base_handler:115): Checking if need to handle authentication
2025-01-12,17:56:52 [DEBUG] (base_handler.py:base_handler:115): Handling authentication
2025-01-12,17:56:52 [INFO] (base_handler.py:base_handler:115): Authentication is not a required feature for API "v1"
2025-01-12,17:56:52 [DEBUG] (base_handler.py:base_handler:115): Checking request headers for authentication data
2025-01-12,17:56:52 [INFO] (base_handler.py:base_handler:115): Authorization header not found
2025-01-12,17:56:52 [DEBUG] (base_handler.py:base_handler:115): authentication not required, username and password are none
2025-01-12,17:56:52 [DEBUG] (state.py:state:526): Collecting Access-Control-Allow-Origin from state file ...
2025-01-12,17:56:52 [DEBUG] (state.py:state:628): Loading option 'Access-Control-Allow-Origin' from section [Service Info]...
2025-01-12,17:56:52 [DEBUG] (state.py:state:650): Returning value ''
2025-01-12,17:56:52 [DEBUG] (state.py:state:628): Loading option 'Access-Control-Allow-Headers' from section [Service Info]...
2025-01-12,17:56:52 [DEBUG] (state.py:state:650): Returning value ''
2025-01-12,17:56:52 [DEBUG] (state.py:state:628): Loading option 'Access-Control-Allow-Methods' from section [Service Info]...
2025-01-12,17:56:52 [DEBUG] (state.py:state:650): Returning value ''
2025-01-12,17:56:52 [DEBUG] (state.py:state:628): Loading option 'Description' from section [Service Info]...
2025-01-12,17:56:52 [DEBUG] (state.py:state:650): Returning value ''
2025-01-12,17:56:52 [DEBUG] (state.py:state:628): Loading option 'Creation Time' from section [Service Info]...
2025-01-12,17:56:52 [DEBUG] (state.py:state:650): Returning value '0'
2025-01-12,17:56:52 [DEBUG] (state.py:state:628): Loading option 'Name' from section [Service Info]...
2025-01-12,17:56:52 [DEBUG] (state.py:state:650): Returning value 'TabPy Server'
2025-01-12,17:56:52 [INFO] (web.py:web:2344): 200 GET /info (::1) 30.43ms
2025-01-12,17:56:52 [DEBUG] (base_handler.py:base_handler:115): Checking if need to handle authentication
2025-01-12,17:56:52 [DEBUG] (base_handler.py:base_handler:115): Handling authentication
2025-01-12,17:56:52 [INFO] (base_handler.py:base_handler:115): Authentication is not a required feature for API "v1"
2025-01-12,17:56:52 [DEBUG] (base_handler.py:base_handler:115): Checking request headers for authentication data
2025-01-12,17:56:52 [INFO] (base_handler.py:base_handler:115): Authorization header not found
2025-01-12,17:56:52 [DEBUG] (base_handler.py:base_handler:115): authentication not required, username and password are none
2025-01-12,17:56:52 [INFO] (web.py:web:2344): 200 GET /tableau.png (::1) 9.65ms
2025-01-12,17:56:52 [DEBUG] (state.py:state:526): Collecting Access-Control-Allow-Origin from state file ...
2025-01-12,17:56:52 [DEBUG] (state.py:state:628): Loading option 'Access-Control-Allow-Origin' from section [Service Info]...
2025-01-12,17:56:52 [DEBUG] (state.py:state:650): Returning value ''
2025-01-12,17:56:52 [DEBUG] (state.py:state:628): Loading option 'Access-Control-Allow-Headers' from section [Service Info]...
2025-01-12,17:56:52 [DEBUG] (state.py:state:650): Returning value ''
2025-01-12,17:56:52 [DEBUG] (state.py:state:628): Loading option 'Access-Control-Allow-Methods' from section [Service Info]...
2025-01-12,17:56:52 [DEBUG] (state.py:state:650): Returning value ''
2025-01-12,17:56:52 [DEBUG] (state.py:state:628): Loading option 'None' from section [Query Objects Service Versions]...
2025-01-12,17:56:52 [DEBUG] (state.py:state:650): Returning value '[]'
2025-01-12,17:56:52 [DEBUG] (state.py:state:148): Collected endpoints: {}
2025-01-12,17:56:52 [INFO] (web.py:web:2344): 200 GET /endpoints (::1) 4.70ms
2025-01-12,17:56:52 [WARNING] (web.py:web:2344): 404 GET /favicon.ico (::1) 0.31ms
2025-01-12,20:20:44 [CRITICAL] (app.py:app:189): Exiting on signal 2...
2025-01-12,20:20:45 [INFO] (app.py:app:195): Shutting down TabPy...
2025-01-12,20:20:45 [INFO] (app.py:app:195): Shutting down TabPy...
